c:\users\daniel\source\repos\sist_prog_sav_2_v1.0\x64\debug\sist_prog_sav_2_v1.0.pch
c:\users\daniel\source\repos\sist_prog_sav_2_v1.0\x64\debug\vc143.pdb
c:\users\daniel\source\repos\sist_prog_sav_2_v1.0\x64\debug\pch.obj
c:\users\daniel\source\repos\sist_prog_sav_2_v1.0\x64\debug\form1.obj
c:\users\daniel\source\repos\sist_prog_sav_2_v1.0\x64\debug\cppclr_winformsproject.obj
c:\users\daniel\source\repos\sist_prog_sav_2_v1.0\x64\debug\assemblyinfo.obj
c:\users\daniel\source\repos\sist_prog_sav_2_v1.0\x64\debug\.netframework,version=v4.7.2.assemblyattributes.obj
c:\users\daniel\source\repos\sist_prog_sav_2_v1.0\x64\debug\sist_prog_sav_2_v1.0.exe
c:\users\daniel\source\repos\sist_prog_sav_2_v1.0\x64\debug\sist_prog_sav_2_v1.0.pdb
c:\users\daniel\source\repos\sist_prog_sav_2_v1.0\x64\debug\app.res
c:\users\daniel\source\repos\sist_prog_sav_2_v1.0\x64\debug\sist_prog_sav_2_v1.0.exe.metagen
c:\users\daniel\source\repos\sist_prog_sav_2_v1.0\x64\debug\sist_pro.46da51b8.tlog\cl.command.1.tlog
c:\users\daniel\source\repos\sist_prog_sav_2_v1.0\x64\debug\sist_pro.46da51b8.tlog\cl.items.tlog
c:\users\daniel\source\repos\sist_prog_sav_2_v1.0\x64\debug\sist_pro.46da51b8.tlog\cl.read.1.tlog
c:\users\daniel\source\repos\sist_prog_sav_2_v1.0\x64\debug\sist_pro.46da51b8.tlog\cl.write.1.tlog
c:\users\daniel\source\repos\sist_prog_sav_2_v1.0\x64\debug\sist_pro.46da51b8.tlog\link.command.1.tlog
c:\users\daniel\source\repos\sist_prog_sav_2_v1.0\x64\debug\sist_pro.46da51b8.tlog\link.read.1.tlog
c:\users\daniel\source\repos\sist_prog_sav_2_v1.0\x64\debug\sist_pro.46da51b8.tlog\link.write.1.tlog
c:\users\daniel\source\repos\sist_prog_sav_2_v1.0\x64\debug\sist_pro.46da51b8.tlog\metagen.read.1.tlog
c:\users\daniel\source\repos\sist_prog_sav_2_v1.0\x64\debug\sist_pro.46da51b8.tlog\metagen.write.1.tlog
c:\users\daniel\source\repos\sist_prog_sav_2_v1.0\x64\debug\sist_pro.46da51b8.tlog\rc.command.1.tlog
c:\users\daniel\source\repos\sist_prog_sav_2_v1.0\x64\debug\sist_pro.46da51b8.tlog\rc.read.1.tlog
c:\users\daniel\source\repos\sist_prog_sav_2_v1.0\x64\debug\sist_pro.46da51b8.tlog\rc.write.1.tlog
c:\users\daniel\source\repos\sist_prog_sav_2_v1.0\x64\debug\sist_pro.46da51b8.tlog\resgen.command.1.tlog
c:\users\daniel\source\repos\sist_prog_sav_2_v1.0\x64\debug\sist_pro.46da51b8.tlog\resgen.read.1.tlog
c:\users\daniel\source\repos\sist_prog_sav_2_v1.0\x64\debug\sist_pro.46da51b8.tlog\resgen.write.1.tlog
